[20:45:48] [main/INFO]: Environment: authHost='https://authserver.mojang.com', accountsHost='https://api.mojang.com', sessionHost='https://sessionserver.mojang.com', servicesHost='https://api.minecraftservices.com', name='PROD'
[20:45:50] [main/WARN]: Ambiguity between arguments [teleport, destination] and [teleport, targets] with inputs: [Player, 0123, @e, dd12be42-52a9-4a91-a8a1-11c01849e498]
[20:45:50] [main/WARN]: Ambiguity between arguments [teleport, location] and [teleport, destination] with inputs: [0.1 -0.5 .9, 0 0 0]
[20:45:50] [main/WARN]: Ambiguity between arguments [teleport, location] and [teleport, targets] with inputs: [0.1 -0.5 .9, 0 0 0]
[20:45:50] [main/WARN]: Ambiguity between arguments [teleport, targets] and [teleport, destination] with inputs: [Player, 0123, dd12be42-52a9-4a91-a8a1-11c01849e498]
[20:45:50] [main/WARN]: Ambiguity between arguments [teleport, targets, location] and [teleport, targets, destination] with inputs: [0.1 -0.5 .9, 0 0 0]
[20:45:50] [main/INFO]: Reloading ResourceManager: Default
[20:45:54] [Worker-Main-9/INFO]: Loaded 7 recipes
[20:45:56] [Worker-Main-9/INFO]: Loaded 927 advancements
[20:46:01] [Server thread/INFO]: Starting minecraft server version 1.16.5
[20:46:01] [Server thread/INFO]: Loading properties
[20:46:01] [Server thread/INFO]: Default game type: SURVIVAL
[20:46:01] [Server thread/INFO]: Generating keypair
[20:46:02] [Server thread/INFO]: Starting Minecraft server on *:25565
[20:46:02] [Server thread/INFO]: Using default channel type
[20:46:03] [Server thread/WARN]: **** SERVER IS RUNNING IN OFFLINE/INSECURE MODE!
[20:46:03] [Server thread/WARN]: The server will make no attempt to authenticate usernames. Beware.
[20:46:03] [Server thread/WARN]: While this makes the game possible to play without internet access, it also opens up the ability for hackers to connect with any username they choose.
[20:46:03] [Server thread/WARN]: To change this, set "online-mode" to "true" in the server.properties file.
[20:46:03] [Server thread/INFO]: Preparing level "world"
[20:46:04] [Server thread/INFO]: Preparing start region for dimension minecraft:overworld
[20:46:11] [Server thread/INFO]: Preparing spawn area: 0%
[20:46:11] [Server thread/INFO]: Preparing spawn area: 0%
[20:46:11] [Server thread/INFO]: Preparing spawn area: 0%
[20:46:11] [Server thread/INFO]: Preparing spawn area: 0%
[20:46:11] [Server thread/INFO]: Preparing spawn area: 0%
[20:46:11] [Server thread/INFO]: Preparing spawn area: 0%
[20:46:11] [Server thread/INFO]: Preparing spawn area: 0%
[20:46:11] [Server thread/INFO]: Preparing spawn area: 0%
[20:46:11] [Server thread/INFO]: Preparing spawn area: 0%
[20:46:11] [Server thread/INFO]: Preparing spawn area: 0%
[20:46:11] [Server thread/INFO]: Preparing spawn area: 0%
[20:46:11] [Server thread/INFO]: Preparing spawn area: 0%
[20:46:11] [Server thread/INFO]: Preparing spawn area: 0%
[20:46:11] [Server thread/INFO]: Preparing spawn area: 0%
[20:46:11] [Server thread/INFO]: Preparing spawn area: 0%
[20:46:11] [Server thread/INFO]: Preparing spawn area: 0%
[20:46:12] [Server thread/INFO]: Preparing spawn area: 0%
[20:46:12] [Server thread/INFO]: Preparing spawn area: 8%
[20:46:14] [Server thread/INFO]: Time elapsed: 10231 ms
[20:46:14] [Server thread/INFO]: Done (10.827s)! For help, type "help"
[20:46:19] [Server thread/INFO]: MrDeFolk[/194.156.251.66:51101] logged in with entity id 69 at (18054.741155878393, 65.0, 7193.361621666972)
[20:46:19] [Server thread/INFO]: MrDeFolk joined the game
[20:46:20] [Server thread/WARN]: Can't keep up! Is the server overloaded? Running 3427ms or 68 ticks behind
[20:46:34] [Server thread/INFO]: Stopping the server
[20:46:34] [Server thread/INFO]: Stopping server
[20:46:34] [Server thread/INFO]: Saving players
[20:46:34] [Server thread/INFO]: MrDeFolk lost connection: Internal Exception: java.lang.StackOverflowError
[20:46:34] [Server thread/INFO]: MrDeFolk left the game
[20:46:34] [Server thread/INFO]: Saving worlds
[20:46:34] [Server thread/INFO]: Saving chunks for level 'ServerLevel[world]'/minecraft:overworld
[20:46:40] [Server thread/INFO]: ThreadedAnvilChunkStorage (world): All chunks are saved
[20:46:40] [Server thread/INFO]: Saving chunks for level 'ServerLevel[world]'/minecraft:the_nether
[20:46:40] [Server thread/INFO]: ThreadedAnvilChunkStorage (DIM-1): All chunks are saved
[20:46:40] [Server thread/INFO]: Saving chunks for level 'ServerLevel[world]'/minecraft:the_end
[20:46:40] [Server thread/INFO]: ThreadedAnvilChunkStorage (DIM1): All chunks are saved
[20:46:40] [Server thread/INFO]: ThreadedAnvilChunkStorage (world): All chunks are saved
[20:46:40] [Server thread/INFO]: ThreadedAnvilChunkStorage (DIM-1): All chunks are saved
[20:46:40] [Server thread/INFO]: ThreadedAnvilChunkStorage (DIM1): All chunks are saved
